android-twa/app/build/intermediates/manifest_merge_blame_file/release/processReleaseMainManifest/manifest-merger-blame-release-report.txt
1<?xml version="1.0" encoding="utf-8"?>
2<!--
3    Copyright 2019 Google Inc. All Rights Reserved.
4
5     Licensed under the Apache License, Version 2.0 (the "License");
6     you may not use this file except in compliance with the License.
7     You may obtain a copy of the License at
8
9         http://www.apache.org/licenses/LICENSE-2.0
10
11     Unless required by applicable law or agreed to in writing, software
12     distributed under the License is distributed on an "AS IS" BASIS,
13     WITHOUT WARRANTIES OR CONDITIONS OF ANY KIND, either express or implied.
14     See the License for the specific language governing permissions and
15     limitations under the License.
16-->
17<!--
18 The "package" attribute is rewritten by the Gradle build with the value of applicationId.
19     It is still required here, as it is used to derive paths, for instance when referring
20     to an Activity by ".MyActivity" instead of the full name. If more Activities are added to the
21     application, the package attribute will need to reflect the correct path in order to use
22     the abbreviated format.
23-->
24<manifest xmlns:android="http://schemas.android.com/apk/res/android"
25    package="com.tronicbsb.magicjumpstart"
26    android:versionCode="1"
27    android:versionName="1" >
28
29    <uses-sdk
30        android:minSdkVersion="21"
31        android:targetSdkVersion="35" />
32
33    <uses-permission android:name="android.permission.POST_NOTIFICATIONS" />
33-->src\main\AndroidManifest.xml:26:9-80
33-->src\main\AndroidManifest.xml:26:26-78
34    <uses-permission android:name="android.permission.CAMERA" />
34-->src\main\AndroidManifest.xml:27:9-68
34-->src\main\AndroidManifest.xml:27:26-66
35    <uses-permission android:name="android.permission.READ_MEDIA_IMAGES" />
35-->src\main\AndroidManifest.xml:28:9-79
35-->src\main\AndroidManifest.xml:28:26-77
36    <uses-permission
36-->src\main\AndroidManifest.xml:29:9-30:42
37        android:name="android.permission.READ_EXTERNAL_STORAGE"
37-->src\main\AndroidManifest.xml:29:26-81
38        android:maxSdkVersion="32" />
38-->src\main\AndroidManifest.xml:30:13-39
39
40    <queries>
40-->[com.google.androidbrowserhelper:androidbrowserhelper:2.6.2] AndroidManifest.xml:22:5-30:15
41        <intent>
41-->[com.google.androidbrowserhelper:androidbrowserhelper:2.6.2] AndroidManifest.xml:23:9-29:18
42            <action android:name="android.intent.action.VIEW" />
42-->src\main\AndroidManifest.xml:152:17-68
42-->src\main\AndroidManifest.xml:152:25-66
43
44            <category android:name="android.intent.category.BROWSABLE" />
44-->src\main\AndroidManifest.xml:154:17-77
44-->src\main\AndroidManifest.xml:154:27-75
45
46            <data android:scheme="https" />
46-->src\main\AndroidManifest.xml:155:17-158:19
46-->src\main\AndroidManifest.xml:155:23-45
47        </intent>
48    </queries>
49
50    <permission
50-->[androidx.core:core:1.13.0] AndroidManifest.xml:22:5-24:47
51        android:name="com.tronicbsb.magicjumpstart.DYNAMIC_RECEIVER_NOT_EXPORTED_PERMISSION"
51-->[androidx.core:core:1.13.0] AndroidManifest.xml:23:9-81
52        android:protectionLevel="signature" />
52-->[androidx.core:core:1.13.0] AndroidManifest.xml:24:9-44
53
54    <uses-permission android:name="com.tronicbsb.magicjumpstart.DYNAMIC_RECEIVER_NOT_EXPORTED_PERMISSION" />
54-->[androidx.core:core:1.13.0] AndroidManifest.xml:26:5-97
54-->[androidx.core:core:1.13.0] AndroidManifest.xml:26:22-94
55
56    <application
56-->src\main\AndroidManifest.xml:39:5-203:19
57        android:name="com.tronicbsb.magicjumpstart.Application"
57-->src\main\AndroidManifest.xml:40:9-35
58        android:allowBackup="true"
58-->src\main\AndroidManifest.xml:41:9-35
59        android:appComponentFactory="androidx.core.app.CoreComponentFactory"
59-->[androidx.core:core:1.13.0] AndroidManifest.xml:28:18-86
60        android:extractNativeLibs="true"
61        android:icon="@mipmap/ic_launcher"
61-->src\main\AndroidManifest.xml:42:9-43
62        android:label="@string/appName"
62-->src\main\AndroidManifest.xml:43:9-40
63        android:manageSpaceActivity="com.google.androidbrowserhelper.trusted.ManageDataLauncherActivity"
63-->src\main\AndroidManifest.xml:45:9-105
64        android:supportsRtl="true"
64-->src\main\AndroidManifest.xml:47:9-35
65        android:theme="@android:style/Theme.Translucent.NoTitleBar" >
65-->src\main\AndroidManifest.xml:48:9-68
66        <meta-data
66-->src\main\AndroidManifest.xml:50:9-52:58
67            android:name="asset_statements"
67-->src\main\AndroidManifest.xml:51:13-44
68            android:resource="@string/assetStatements" />
68-->src\main\AndroidManifest.xml:52:13-55
69        <meta-data
69-->src\main\AndroidManifest.xml:55:13-57:58
70            android:name="web_manifest_url"
70-->src\main\AndroidManifest.xml:56:17-48
71            android:value="@string/webManifestUrl" />
71-->src\main\AndroidManifest.xml:57:17-55
72        <meta-data
72-->src\main\AndroidManifest.xml:60:9-62:52
73            android:name="twa_generator"
73-->src\main\AndroidManifest.xml:61:13-41
74            android:value="@string/generatorApp" />
74-->src\main\AndroidManifest.xml:62:13-49
75
76        <activity
76-->src\main\AndroidManifest.xml:69:13-80:24
77            android:name="com.google.androidbrowserhelper.trusted.ManageDataLauncherActivity"
77-->src\main\AndroidManifest.xml:69:23-104
78            android:enabled="true"
78-->src\main\AndroidManifest.xml:71:17-39
79            android:excludeFromRecents="true"
79-->src\main\AndroidManifest.xml:72:17-50
80            android:exported="false" >
80-->src\main\AndroidManifest.xml:70:17-41
81            <meta-data
81-->src\main\AndroidManifest.xml:73:17-75:57
82                android:name="android.support.customtabs.trusted.MANAGE_SPACE_URL"
82-->src\main\AndroidManifest.xml:74:21-87
83                android:value="@string/launchUrl" />
83-->src\main\AndroidManifest.xml:75:21-54
84
85            <intent-filter>
85-->src\main\AndroidManifest.xml:76:17-79:33
86                <action android:name="android.intent.action.APPLICATION_PREFERENCES" />
86-->src\main\AndroidManifest.xml:77:21-92
86-->src\main\AndroidManifest.xml:77:29-89
87
88                <category android:name="android.intent.category.DEFAULT" />
88-->src\main\AndroidManifest.xml:78:21-80
88-->src\main\AndroidManifest.xml:78:31-77
89            </intent-filter>
90        </activity>
91        <activity
91-->src\main\AndroidManifest.xml:83:9-164:20
92            android:name="com.tronicbsb.magicjumpstart.LauncherActivity"
92-->src\main\AndroidManifest.xml:83:19-50
93            android:alwaysRetainTaskState="true"
93-->src\main\AndroidManifest.xml:84:13-49
94            android:exported="true"
94-->src\main\AndroidManifest.xml:86:13-36
95            android:label="@string/launcherName" >
95-->src\main\AndroidManifest.xml:85:13-49
96            <meta-data
96-->src\main\AndroidManifest.xml:87:13-88:53
97                android:name="android.support.customtabs.trusted.DEFAULT_URL"
97-->src\main\AndroidManifest.xml:87:24-85
98                android:value="@string/launchUrl" />
98-->src\main\AndroidManifest.xml:88:17-50
99            <meta-data
99-->src\main\AndroidManifest.xml:90:13-92:58
100                android:name="android.support.customtabs.trusted.STATUS_BAR_COLOR"
100-->src\main\AndroidManifest.xml:91:17-83
101                android:resource="@color/colorPrimary" />
101-->src\main\AndroidManifest.xml:92:17-55
102            <meta-data
102-->src\main\AndroidManifest.xml:96:13-98:62
103                android:name="android.support.customtabs.trusted.STATUS_BAR_COLOR_DARK"
103-->src\main\AndroidManifest.xml:97:17-88
104                android:resource="@color/colorPrimaryDark" />
104-->src\main\AndroidManifest.xml:98:17-59
105            <meta-data
105-->src\main\AndroidManifest.xml:100:13-102:61
106                android:name="android.support.customtabs.trusted.NAVIGATION_BAR_COLOR"
106-->src\main\AndroidManifest.xml:101:17-87
107                android:resource="@color/navigationColor" />
107-->src\main\AndroidManifest.xml:102:17-58
108            <meta-data
108-->src\main\AndroidManifest.xml:104:13-106:65
109                android:name="android.support.customtabs.trusted.NAVIGATION_BAR_COLOR_DARK"
109-->src\main\AndroidManifest.xml:105:17-92
110                android:resource="@color/navigationColorDark" />
110-->src\main\AndroidManifest.xml:106:17-62
111            <meta-data
111-->src\main\AndroidManifest.xml:108:13-110:68
112                android:name="androix.browser.trusted.NAVIGATION_BAR_DIVIDER_COLOR"
112-->src\main\AndroidManifest.xml:109:17-84
113                android:resource="@color/navigationDividerColor" />
113-->src\main\AndroidManifest.xml:110:17-65
114            <meta-data
114-->src\main\AndroidManifest.xml:112:13-114:72
115                android:name="androix.browser.trusted.NAVIGATION_BAR_DIVIDER_COLOR_DARK"
115-->src\main\AndroidManifest.xml:113:17-89
116                android:resource="@color/navigationDividerColorDark" />
116-->src\main\AndroidManifest.xml:114:17-69
117            <meta-data
117-->src\main\AndroidManifest.xml:116:13-117:54
118                android:name="android.support.customtabs.trusted.SPLASH_IMAGE_DRAWABLE"
118-->src\main\AndroidManifest.xml:116:24-95
119                android:resource="@drawable/splash" />
119-->src\main\AndroidManifest.xml:117:17-52
120            <meta-data
120-->src\main\AndroidManifest.xml:119:13-120:60
121                android:name="android.support.customtabs.trusted.SPLASH_SCREEN_BACKGROUND_COLOR"
121-->src\main\AndroidManifest.xml:119:24-104
122                android:resource="@color/backgroundColor" />
122-->src\main\AndroidManifest.xml:120:17-58
123            <meta-data
123-->src\main\AndroidManifest.xml:122:13-123:71
124                android:name="android.support.customtabs.trusted.SPLASH_SCREEN_FADE_OUT_DURATION"
124-->src\main\AndroidManifest.xml:122:24-105
125                android:value="@integer/splashScreenFadeOutDuration" />
125-->src\main\AndroidManifest.xml:123:17-69
126            <meta-data
126-->src\main\AndroidManifest.xml:125:13-126:60
127                android:name="android.support.customtabs.trusted.FILE_PROVIDER_AUTHORITY"
127-->src\main\AndroidManifest.xml:125:24-97
128                android:value="@string/providerAuthority" />
128-->src\main\AndroidManifest.xml:126:17-58
129            <meta-data
129-->src\main\AndroidManifest.xml:128:13-97
130                android:name="android.app.shortcuts"
130-->src\main\AndroidManifest.xml:128:24-60
131                android:resource="@xml/shortcuts" />
131-->src\main\AndroidManifest.xml:128:61-94
132            <meta-data
132-->src\main\AndroidManifest.xml:130:13-131:56
133                android:name="android.support.customtabs.trusted.FALLBACK_STRATEGY"
133-->src\main\AndroidManifest.xml:130:24-91
134                android:value="@string/fallbackType" />
134-->src\main\AndroidManifest.xml:131:17-53
135            <meta-data
135-->src\main\AndroidManifest.xml:137:13-138:54
136                android:name="android.support.customtabs.trusted.SCREEN_ORIENTATION"
136-->src\main\AndroidManifest.xml:137:24-92
137                android:value="@string/orientation" />
137-->src\main\AndroidManifest.xml:138:17-52
138
139            <intent-filter>
139-->src\main\AndroidManifest.xml:146:13-149:29
140                <action android:name="android.intent.action.MAIN" />
140-->src\main\AndroidManifest.xml:147:17-69
140-->src\main\AndroidManifest.xml:147:25-66
141
142                <category android:name="android.intent.category.LAUNCHER" />
142-->src\main\AndroidManifest.xml:148:17-77
142-->src\main\AndroidManifest.xml:148:27-74
143            </intent-filter>
144            <intent-filter android:autoVerify="true" >
144-->src\main\AndroidManifest.xml:151:13-159:29
144-->src\main\AndroidManifest.xml:151:28-53
145                <action android:name="android.intent.action.VIEW" />
145-->src\main\AndroidManifest.xml:152:17-68
145-->src\main\AndroidManifest.xml:152:25-66
146
147                <category android:name="android.intent.category.DEFAULT" />
147-->src\main\AndroidManifest.xml:78:21-80
147-->src\main\AndroidManifest.xml:78:31-77
148                <category android:name="android.intent.category.BROWSABLE" />
148-->src\main\AndroidManifest.xml:154:17-77
148-->src\main\AndroidManifest.xml:154:27-75
149
150                <data
150-->src\main\AndroidManifest.xml:155:17-158:19
151                    android:host="@string/hostName"
151-->src\main\AndroidManifest.xml:156:21-52
152                    android:scheme="https" />
152-->src\main\AndroidManifest.xml:155:23-45
153            </intent-filter>
154        </activity>
155        <activity android:name="com.google.androidbrowserhelper.trusted.FocusActivity" />
155-->src\main\AndroidManifest.xml:166:9-90
155-->src\main\AndroidManifest.xml:166:19-87
156        <activity
156-->src\main\AndroidManifest.xml:168:9-169:62
157            android:name="com.google.androidbrowserhelper.trusted.WebViewFallbackActivity"
157-->src\main\AndroidManifest.xml:168:19-97
158            android:configChanges="orientation|screenSize" />
158-->src\main\AndroidManifest.xml:169:13-59
159
160        <provider
160-->src\main\AndroidManifest.xml:171:9-179:20
161            android:name="androidx.core.content.FileProvider"
161-->src\main\AndroidManifest.xml:172:13-62
162            android:authorities="@string/providerAuthority"
162-->src\main\AndroidManifest.xml:173:13-60
163            android:exported="false"
163-->src\main\AndroidManifest.xml:175:13-37
164            android:grantUriPermissions="true" >
164-->src\main\AndroidManifest.xml:174:13-47
165            <meta-data
165-->src\main\AndroidManifest.xml:176:13-178:53
166                android:name="android.support.FILE_PROVIDER_PATHS"
166-->src\main\AndroidManifest.xml:177:17-67
167                android:resource="@xml/filepaths" />
167-->src\main\AndroidManifest.xml:178:17-50
168        </provider>
169
170        <service
170-->src\main\AndroidManifest.xml:181:9-196:19
171            android:name="com.tronicbsb.magicjumpstart.DelegationService"
171-->src\main\AndroidManifest.xml:182:13-46
172            android:enabled="@bool/enableNotification"
172-->src\main\AndroidManifest.xml:183:13-55
173            android:exported="@bool/enableNotification" >
173-->src\main\AndroidManifest.xml:184:13-56
174            <meta-data
174-->src\main\AndroidManifest.xml:187:17-189:73
175                android:name="android.support.customtabs.trusted.SMALL_ICON"
175-->src\main\AndroidManifest.xml:188:21-81
176                android:resource="@drawable/ic_notification_icon" />
176-->src\main\AndroidManifest.xml:189:21-70
177
178            <intent-filter>
178-->src\main\AndroidManifest.xml:192:13-195:29
179                <action android:name="android.support.customtabs.trusted.TRUSTED_WEB_ACTIVITY_SERVICE" />
179-->src\main\AndroidManifest.xml:193:17-105
179-->src\main\AndroidManifest.xml:193:25-103
180
181                <category android:name="android.intent.category.DEFAULT" />
181-->src\main\AndroidManifest.xml:78:21-80
181-->src\main\AndroidManifest.xml:78:31-77
182            </intent-filter>
183        </service>
184
185        <activity android:name="com.google.androidbrowserhelper.trusted.NotificationPermissionRequestActivity" />
185-->src\main\AndroidManifest.xml:199:13-118
185-->src\main\AndroidManifest.xml:199:23-115
186
187        <provider
187-->[androidx.emoji2:emoji2:1.3.0] AndroidManifest.xml:24:9-32:20
188            android:name="androidx.startup.InitializationProvider"
188-->[androidx.emoji2:emoji2:1.3.0] AndroidManifest.xml:25:13-67
189            android:authorities="com.tronicbsb.magicjumpstart.androidx-startup"
189-->[androidx.emoji2:emoji2:1.3.0] AndroidManifest.xml:26:13-68
190            android:exported="false" >
190-->[androidx.emoji2:emoji2:1.3.0] AndroidManifest.xml:27:13-37
191            <meta-data
191-->[androidx.emoji2:emoji2:1.3.0] AndroidManifest.xml:29:13-31:52
192                android:name="androidx.emoji2.text.EmojiCompatInitializer"
192-->[androidx.emoji2:emoji2:1.3.0] AndroidManifest.xml:30:17-75
193                android:value="androidx.startup" />
193-->[androidx.emoji2:emoji2:1.3.0] AndroidManifest.xml:31:17-49
194            <meta-data
194-->[androidx.lifecycle:lifecycle-process:2.6.2] AndroidManifest.xml:29:13-31:52
195                android:name="androidx.lifecycle.ProcessLifecycleInitializer"
195-->[androidx.lifecycle:lifecycle-process:2.6.2] AndroidManifest.xml:30:17-78
196                android:value="androidx.startup" />
196-->[androidx.lifecycle:lifecycle-process:2.6.2] AndroidManifest.xml:31:17-49
197            <meta-data
197-->[androidx.profileinstaller:profileinstaller:1.3.1] AndroidManifest.xml:29:13-31:52
198                android:name="androidx.profileinstaller.ProfileInstallerInitializer"
198-->[androidx.profileinstaller:profileinstaller:1.3.1] AndroidManifest.xml:30:17-85
199                android:value="androidx.startup" />
199-->[androidx.profileinstaller:profileinstaller:1.3.1] AndroidManifest.xml:31:17-49
200        </provider>
201
202        <receiver
202-->[androidx.profileinstaller:profileinstaller:1.3.1] AndroidManifest.xml:34:9-52:20
203            android:name="androidx.profileinstaller.ProfileInstallReceiver"
203-->[androidx.profileinstaller:profileinstaller:1.3.1] AndroidManifest.xml:35:13-76
204            android:directBootAware="false"
204-->[androidx.profileinstaller:profileinstaller:1.3.1] AndroidManifest.xml:36:13-44
205            android:enabled="true"
205-->[androidx.profileinstaller:profileinstaller:1.3.1] AndroidManifest.xml:37:13-35
206            android:exported="true"
206-->[androidx.profileinstaller:profileinstaller:1.3.1] AndroidManifest.xml:38:13-36
207            android:permission="android.permission.DUMP" >
207-->[androidx.profileinstaller:profileinstaller:1.3.1] AndroidManifest.xml:39:13-57
208            <intent-filter>
208-->[androidx.profileinstaller:profileinstaller:1.3.1] AndroidManifest.xml:40:13-42:29
209                <action android:name="androidx.profileinstaller.action.INSTALL_PROFILE" />
209-->[androidx.profileinstaller:profileinstaller:1.3.1] AndroidManifest.xml:41:17-91
209-->[androidx.profileinstaller:profileinstaller:1.3.1] AndroidManifest.xml:41:25-88
210            </intent-filter>
211            <intent-filter>
211-->[androidx.profileinstaller:profileinstaller:1.3.1] AndroidManifest.xml:43:13-45:29
212                <action android:name="androidx.profileinstaller.action.SKIP_FILE" />
212-->[androidx.profileinstaller:profileinstaller:1.3.1] AndroidManifest.xml:44:17-85
212-->[androidx.profileinstaller:profileinstaller:1.3.1] AndroidManifest.xml:44:25-82
213            </intent-filter>
214            <intent-filter>
214-->[androidx.profileinstaller:profileinstaller:1.3.1] AndroidManifest.xml:46:13-48:29
215                <action android:name="androidx.profileinstaller.action.SAVE_PROFILE" />
215-->[androidx.profileinstaller:profileinstaller:1.3.1] AndroidManifest.xml:47:17-88
215-->[androidx.profileinstaller:profileinstaller:1.3.1] AndroidManifest.xml:47:25-85
216            </intent-filter>
217            <intent-filter>
217-->[androidx.profileinstaller:profileinstaller:1.3.1] AndroidManifest.xml:49:13-51:29
218                <action android:name="androidx.profileinstaller.action.BENCHMARK_OPERATION" />
218-->[androidx.profileinstaller:profileinstaller:1.3.1] AndroidManifest.xml:50:17-95
218-->[androidx.profileinstaller:profileinstaller:1.3.1] AndroidManifest.xml:50:25-92
219            </intent-filter>
220        </receiver>
221    </application>
222
223</manifest>